Running training with KD loss type: reverse
Running training with KD loss type: forward
Running training with KD loss type: tlsd
Running training with KD loss type: cakld
Running training with KD loss type: jsd
Running training with KD loss type: alpha_beta
Running training with KD loss type: pearson_chi_square
Running training with KD loss type: average_kl
Running training with KD loss type: jensen_shannon
Running training with KD loss type: cosine
Running training with KD loss type: euclidean
Running training with KD loss type: wasserstein
Running training with KD loss type: focal
Running training with KD loss type: contrastive
Running training with KD loss type: soft_target_ce
Running training with KD loss type: mutual_information
Running training with KD loss type: pearson_correlation
Running training with KD loss type: mmd
Running training with KD loss type: emd
Running training with KD loss type: hellinger
Running training with KD loss type: total_variation
Running training with KD loss type: renyi
Running training with KD loss type: kl
Running training with KD loss type: bhattacharyya
Running training with KD loss type: angular
Running training with KD loss type: mse
Running training with KD loss type: huber
Running training with KD loss type: taylor_softmax
Running training with KD loss type: label_smoothing
Running training with KD loss type: symmetric_kl
Running training with KD loss type: jeffreys
Running training with KD loss type: squared_hellinger
Running training with KD loss type: triangular
Running training with KD loss type: harmonic_mean
Running training with KD loss type: jensen_difference
Running training with KD loss type: k_divergence
Running training with KD loss type: dice
Running training with KD loss type: topsoe
Running training with KD loss type: alpha
Running training with KD loss type: beta
Running training with KD loss type: gamma
Running training with KD loss type: tweedie
Running training with KD loss type: itakura_saito
Running training with KD loss type: cauchy_schwarz
Running training with KD loss type: energy
Running training with KD loss type: gen_jensen_shannon
Running training with KD loss type: bregman
Running training with KD loss type: f_divergence
Running training with KD loss type: chi_square
Running training with KD loss type: log_euclidean
Running training with KD loss type: jeffrey
Running training with KD loss type: jensen_renyi
Running training with KD loss type: tsallis
Running training with KD loss type: sharma_mittal
Running training with KD loss type: kernel_target_alignment
Running training with KD loss type: max_correlation
Running training with KD loss type: centered_kernel_alignment
Running training with KD loss type: hsic
Running training with KD loss type: fisher_rao
Running training with KD loss type: geometric_mean
Running training with KD loss type: quadratic_chi
Running training with KD loss type: neyman_chi_square
Running training with KD loss type: kullback
Running training with KD loss type: resistor_average
Running training with KD loss type: order_alpha
Running training with KD loss type: ab_divergence
All training runs completed.
Running training with KD loss type: alpha_beta
Running training with KD loss type: pearson_chi_square
Running training with KD loss type: average_kl
Running training with KD loss type: jensen_shannon
Running training with KD loss type: cosine
Running training with KD loss type: jsd
Running training with KD loss type: alpha_beta
Running training with KD loss type: pearson_chi_square
Running training with KD loss type: average_kl
Running training with KD loss type: jensen_shannon
Running training with KD loss type: cosine
Running training with KD loss type: euclidean
Running training with KD loss type: wasserstein
Running training with KD loss type: focal
Running training with KD loss type: contrastive
Running training with KD loss type: soft_target_ce
Running training with KD loss type: mutual_information
Running training with KD loss type: pearson_correlation
Running training with KD loss type: mmd
Running training with KD loss type: emd
Running training with KD loss type: hellinger
Running training with KD loss type: total_variation
Running training with KD loss type: renyi
Running training with KD loss type: kl
Running training with KD loss type: bhattacharyya
Running training with KD loss type: angular
Running training with KD loss type: mse
Running training with KD loss type: huber
Running training with KD loss type: taylor_softmax
Running training with KD loss type: label_smoothing
Running training with KD loss type: symmetric_kl
Running training with KD loss type: jeffreys
Running training with KD loss type: squared_hellinger
Running training with KD loss type: triangular
Running training with KD loss type: harmonic_mean
Running training with KD loss type: jensen_difference
Running training with KD loss type: k_divergence
Running training with KD loss type: dice
Running training with KD loss type: topsoe
Running training with KD loss type: alpha
Running training with KD loss type: beta
Running training with KD loss type: gamma
Running training with KD loss type: tweedie
Running training with KD loss type: itakura_saito
Running training with KD loss type: cauchy_schwarz
Running training with KD loss type: energy
Running training with KD loss type: gen_jensen_shannon
Running training with KD loss type: bregman
Running training with KD loss type: f_divergence
Running training with KD loss type: chi_square
Running training with KD loss type: log_euclidean
Running training with KD loss type: jeffrey
Running training with KD loss type: jensen_renyi
Running training with KD loss type: tsallis
Running training with KD loss type: sharma_mittal
Running training with KD loss type: kernel_target_alignment
Running training with KD loss type: max_correlation
Running training with KD loss type: centered_kernel_alignment
Running training with KD loss type: hsic
Running training with KD loss type: fisher_rao
Running training with KD loss type: geometric_mean
Running training with KD loss type: quadratic_chi
Running training with KD loss type: neyman_chi_square
Running training with KD loss type: kullback
Running training with KD loss type: resistor_average
Running training with KD loss type: order_alpha
Running training with KD loss type: ab_divergence
All training runs completed.
